2014/04/13 15:30:31 [error] [php] include(EBootstrap.php): failed to open stream: No such file or directory (/var/www/sales/framework/YiiBase.php:427)
Stack trace:
#0 /var/www/sales/protected/views/site/index.php(3): spl_autoload_call()
#1 /var/www/sales/framework/web/CBaseController.php(126): require()
#2 /var/www/sales/framework/web/CBaseController.php(95): SiteController->renderInternal()
#3 /var/www/sales/framework/web/CController.php(869): SiteController->renderFile()
#4 /var/www/sales/framework/web/CController.php(782): SiteController->renderPartial()
#5 /var/www/sales/protected/controllers/SiteController.php(32): SiteController->render()
#6 /var/www/sales/framework/web/actions/CInlineAction.php(49): SiteController->actionIndex()
#7 /var/www/sales/framework/web/CController.php(308): CInlineAction->runWithParams()
#8 /var/www/sales/framework/web/CController.php(286): SiteController->runAction()
#9 /var/www/sales/framework/web/CController.php(265): SiteController->runActionWithFilters()
#10 /var/www/sales/framework/web/CWebApplication.php(282): SiteController->run()
#11 /var/www/sales/framework/web/CWebApplication.php(141): CWebApplication->runController()
#12 /var/www/sales/framework/base/CApplication.php(180): CWebApplication->processRequest()
#13 /var/www/sales/index.php(13): CWebApplication->run()
REQUEST_URI=/index.php?r=site/index
in /var/www/sales/protected/views/site/index.php (3)
in /var/www/sales/protected/controllers/SiteController.php (32)
in /var/www/sales/index.php (13)
2014/04/13 15:35:01 [error] [php] include(Carousel.php): failed to open stream: No such file or directory (/var/www/sales/framework/YiiBase.php:427)
Stack trace:
#0 /var/www/sales/protected/views/site/index.php(2): spl_autoload_call()
#1 /var/www/sales/framework/web/CBaseController.php(126): require()
#2 /var/www/sales/framework/web/CBaseController.php(95): SiteController->renderInternal()
#3 /var/www/sales/framework/web/CController.php(869): SiteController->renderFile()
#4 /var/www/sales/framework/web/CController.php(782): SiteController->renderPartial()
#5 /var/www/sales/protected/controllers/SiteController.php(32): SiteController->render()
#6 /var/www/sales/framework/web/actions/CInlineAction.php(49): SiteController->actionIndex()
#7 /var/www/sales/framework/web/CController.php(308): CInlineAction->runWithParams()
#8 /var/www/sales/framework/web/CController.php(286): SiteController->runAction()
#9 /var/www/sales/framework/web/CController.php(265): SiteController->runActionWithFilters()
#10 /var/www/sales/framework/web/CWebApplication.php(282): SiteController->run()
#11 /var/www/sales/framework/web/CWebApplication.php(141): CWebApplication->runController()
#12 /var/www/sales/framework/base/CApplication.php(180): CWebApplication->processRequest()
#13 /var/www/sales/index.php(13): CWebApplication->run()
REQUEST_URI=/index.php?r=site/index
in /var/www/sales/protected/views/site/index.php (2)
in /var/www/sales/protected/controllers/SiteController.php (32)
in /var/www/sales/index.php (13)
2014/04/13 15:51:30 [error] [php] include(TbCarousel.php): failed to open stream: No such file or directory (/var/www/sales/framework/YiiBase.php:427)
Stack trace:
#0 /var/www/sales/protected/views/site/index.php(2): spl_autoload_call()
#1 /var/www/sales/framework/web/CBaseController.php(126): require()
#2 /var/www/sales/framework/web/CBaseController.php(95): SiteController->renderInternal()
#3 /var/www/sales/framework/web/CController.php(869): SiteController->renderFile()
#4 /var/www/sales/framework/web/CController.php(782): SiteController->renderPartial()
#5 /var/www/sales/protected/controllers/SiteController.php(32): SiteController->render()
#6 /var/www/sales/framework/web/actions/CInlineAction.php(49): SiteController->actionIndex()
#7 /var/www/sales/framework/web/CController.php(308): CInlineAction->runWithParams()
#8 /var/www/sales/framework/web/CController.php(286): SiteController->runAction()
#9 /var/www/sales/framework/web/CController.php(265): SiteController->runActionWithFilters()
#10 /var/www/sales/framework/web/CWebApplication.php(282): SiteController->run()
#11 /var/www/sales/framework/web/CWebApplication.php(141): CWebApplication->runController()
#12 /var/www/sales/framework/base/CApplication.php(180): CWebApplication->processRequest()
#13 /var/www/sales/index.php(13): CWebApplication->run()
REQUEST_URI=/index.php?r=site/index
in /var/www/sales/protected/views/site/index.php (2)
in /var/www/sales/protected/controllers/SiteController.php (32)
in /var/www/sales/index.php (13)
2014/04/13 15:52:20 [error] [php] include(EBootstrap.php): failed to open stream: No such file or directory (/var/www/sales/framework/YiiBase.php:427)
Stack trace:
#0 /var/www/sales/protected/views/site/index.php(4): spl_autoload_call()
#1 /var/www/sales/framework/web/CBaseController.php(126): require()
#2 /var/www/sales/framework/web/CBaseController.php(95): SiteController->renderInternal()
#3 /var/www/sales/framework/web/CController.php(869): SiteController->renderFile()
#4 /var/www/sales/framework/web/CController.php(782): SiteController->renderPartial()
#5 /var/www/sales/protected/controllers/SiteController.php(32): SiteController->render()
#6 /var/www/sales/framework/web/actions/CInlineAction.php(49): SiteController->actionIndex()
#7 /var/www/sales/framework/web/CController.php(308): CInlineAction->runWithParams()
#8 /var/www/sales/framework/web/CController.php(286): SiteController->runAction()
#9 /var/www/sales/framework/web/CController.php(265): SiteController->runActionWithFilters()
#10 /var/www/sales/framework/web/CWebApplication.php(282): SiteController->run()
#11 /var/www/sales/framework/web/CWebApplication.php(141): CWebApplication->runController()
#12 /var/www/sales/framework/base/CApplication.php(180): CWebApplication->processRequest()
#13 /var/www/sales/index.php(13): CWebApplication->run()
REQUEST_URI=/index.php?r=site/index
in /var/www/sales/protected/views/site/index.php (4)
in /var/www/sales/protected/controllers/SiteController.php (32)
in /var/www/sales/index.php (13)
2014/04/13 15:52:21 [error] [php] include(EBootstrap.php): failed to open stream: No such file or directory (/var/www/sales/framework/YiiBase.php:427)
Stack trace:
#0 /var/www/sales/protected/views/site/index.php(4): spl_autoload_call()
#1 /var/www/sales/framework/web/CBaseController.php(126): require()
#2 /var/www/sales/framework/web/CBaseController.php(95): SiteController->renderInternal()
#3 /var/www/sales/framework/web/CController.php(869): SiteController->renderFile()
#4 /var/www/sales/framework/web/CController.php(782): SiteController->renderPartial()
#5 /var/www/sales/protected/controllers/SiteController.php(32): SiteController->render()
#6 /var/www/sales/framework/web/actions/CInlineAction.php(49): SiteController->actionIndex()
#7 /var/www/sales/framework/web/CController.php(308): CInlineAction->runWithParams()
#8 /var/www/sales/framework/web/CController.php(286): SiteController->runAction()
#9 /var/www/sales/framework/web/CController.php(265): SiteController->runActionWithFilters()
#10 /var/www/sales/framework/web/CWebApplication.php(282): SiteController->run()
#11 /var/www/sales/framework/web/CWebApplication.php(141): CWebApplication->runController()
#12 /var/www/sales/framework/base/CApplication.php(180): CWebApplication->processRequest()
#13 /var/www/sales/index.php(13): CWebApplication->run()
REQUEST_URI=/index.php?r=site/index
in /var/www/sales/protected/views/site/index.php (4)
in /var/www/sales/protected/controllers/SiteController.php (32)
in /var/www/sales/index.php (13)
2014/04/13 15:52:21 [error] [php] include(EBootstrap.php): failed to open stream: No such file or directory (/var/www/sales/framework/YiiBase.php:427)
Stack trace:
#0 /var/www/sales/protected/views/site/index.php(4): spl_autoload_call()
#1 /var/www/sales/framework/web/CBaseController.php(126): require()
#2 /var/www/sales/framework/web/CBaseController.php(95): SiteController->renderInternal()
#3 /var/www/sales/framework/web/CController.php(869): SiteController->renderFile()
#4 /var/www/sales/framework/web/CController.php(782): SiteController->renderPartial()
#5 /var/www/sales/protected/controllers/SiteController.php(32): SiteController->render()
#6 /var/www/sales/framework/web/actions/CInlineAction.php(49): SiteController->actionIndex()
#7 /var/www/sales/framework/web/CController.php(308): CInlineAction->runWithParams()
#8 /var/www/sales/framework/web/CController.php(286): SiteController->runAction()
#9 /var/www/sales/framework/web/CController.php(265): SiteController->runActionWithFilters()
#10 /var/www/sales/framework/web/CWebApplication.php(282): SiteController->run()
#11 /var/www/sales/framework/web/CWebApplication.php(141): CWebApplication->runController()
#12 /var/www/sales/framework/base/CApplication.php(180): CWebApplication->processRequest()
#13 /var/www/sales/index.php(13): CWebApplication->run()
REQUEST_URI=/index.php?r=site/index
in /var/www/sales/protected/views/site/index.php (4)
in /var/www/sales/protected/controllers/SiteController.php (32)
in /var/www/sales/index.php (13)
2014/04/13 15:52:22 [error] [php] include(EBootstrap.php): failed to open stream: No such file or directory (/var/www/sales/framework/YiiBase.php:427)
Stack trace:
#0 /var/www/sales/protected/views/site/index.php(4): spl_autoload_call()
#1 /var/www/sales/framework/web/CBaseController.php(126): require()
#2 /var/www/sales/framework/web/CBaseController.php(95): SiteController->renderInternal()
#3 /var/www/sales/framework/web/CController.php(869): SiteController->renderFile()
#4 /var/www/sales/framework/web/CController.php(782): SiteController->renderPartial()
#5 /var/www/sales/protected/controllers/SiteController.php(32): SiteController->render()
#6 /var/www/sales/framework/web/actions/CInlineAction.php(49): SiteController->actionIndex()
#7 /var/www/sales/framework/web/CController.php(308): CInlineAction->runWithParams()
#8 /var/www/sales/framework/web/CController.php(286): SiteController->runAction()
#9 /var/www/sales/framework/web/CController.php(265): SiteController->runActionWithFilters()
#10 /var/www/sales/framework/web/CWebApplication.php(282): SiteController->run()
#11 /var/www/sales/framework/web/CWebApplication.php(141): CWebApplication->runController()
#12 /var/www/sales/framework/base/CApplication.php(180): CWebApplication->processRequest()
#13 /var/www/sales/index.php(13): CWebApplication->run()
REQUEST_URI=/index.php?r=site/index
in /var/www/sales/protected/views/site/index.php (4)
in /var/www/sales/protected/controllers/SiteController.php (32)
in /var/www/sales/index.php (13)
2014/04/13 15:52:22 [error] [php] include(EBootstrap.php): failed to open stream: No such file or directory (/var/www/sales/framework/YiiBase.php:427)
Stack trace:
#0 /var/www/sales/protected/views/site/index.php(4): spl_autoload_call()
#1 /var/www/sales/framework/web/CBaseController.php(126): require()
#2 /var/www/sales/framework/web/CBaseController.php(95): SiteController->renderInternal()
#3 /var/www/sales/framework/web/CController.php(869): SiteController->renderFile()
#4 /var/www/sales/framework/web/CController.php(782): SiteController->renderPartial()
#5 /var/www/sales/protected/controllers/SiteController.php(32): SiteController->render()
#6 /var/www/sales/framework/web/actions/CInlineAction.php(49): SiteController->actionIndex()
#7 /var/www/sales/framework/web/CController.php(308): CInlineAction->runWithParams()
#8 /var/www/sales/framework/web/CController.php(286): SiteController->runAction()
#9 /var/www/sales/framework/web/CController.php(265): SiteController->runActionWithFilters()
#10 /var/www/sales/framework/web/CWebApplication.php(282): SiteController->run()
#11 /var/www/sales/framework/web/CWebApplication.php(141): CWebApplication->runController()
#12 /var/www/sales/framework/base/CApplication.php(180): CWebApplication->processRequest()
#13 /var/www/sales/index.php(13): CWebApplication->run()
REQUEST_URI=/index.php?r=site/index
in /var/www/sales/protected/views/site/index.php (4)
in /var/www/sales/protected/controllers/SiteController.php (32)
in /var/www/sales/index.php (13)
2014/04/13 15:52:22 [error] [php] include(EBootstrap.php): failed to open stream: No such file or directory (/var/www/sales/framework/YiiBase.php:427)
Stack trace:
#0 /var/www/sales/protected/views/site/index.php(4): spl_autoload_call()
#1 /var/www/sales/framework/web/CBaseController.php(126): require()
#2 /var/www/sales/framework/web/CBaseController.php(95): SiteController->renderInternal()
#3 /var/www/sales/framework/web/CController.php(869): SiteController->renderFile()
#4 /var/www/sales/framework/web/CController.php(782): SiteController->renderPartial()
#5 /var/www/sales/protected/controllers/SiteController.php(32): SiteController->render()
#6 /var/www/sales/framework/web/actions/CInlineAction.php(49): SiteController->actionIndex()
#7 /var/www/sales/framework/web/CController.php(308): CInlineAction->runWithParams()
#8 /var/www/sales/framework/web/CController.php(286): SiteController->runAction()
#9 /var/www/sales/framework/web/CController.php(265): SiteController->runActionWithFilters()
#10 /var/www/sales/framework/web/CWebApplication.php(282): SiteController->run()
#11 /var/www/sales/framework/web/CWebApplication.php(141): CWebApplication->runController()
#12 /var/www/sales/framework/base/CApplication.php(180): CWebApplication->processRequest()
#13 /var/www/sales/index.php(13): CWebApplication->run()
REQUEST_URI=/index.php?r=site/index
in /var/www/sales/protected/views/site/index.php (4)
in /var/www/sales/protected/controllers/SiteController.php (32)
in /var/www/sales/index.php (13)
2014/04/13 15:52:23 [error] [php] include(EBootstrap.php): failed to open stream: No such file or directory (/var/www/sales/framework/YiiBase.php:427)
Stack trace:
#0 /var/www/sales/protected/views/site/index.php(4): spl_autoload_call()
#1 /var/www/sales/framework/web/CBaseController.php(126): require()
#2 /var/www/sales/framework/web/CBaseController.php(95): SiteController->renderInternal()
#3 /var/www/sales/framework/web/CController.php(869): SiteController->renderFile()
#4 /var/www/sales/framework/web/CController.php(782): SiteController->renderPartial()
#5 /var/www/sales/protected/controllers/SiteController.php(32): SiteController->render()
#6 /var/www/sales/framework/web/actions/CInlineAction.php(49): SiteController->actionIndex()
#7 /var/www/sales/framework/web/CController.php(308): CInlineAction->runWithParams()
#8 /var/www/sales/framework/web/CController.php(286): SiteController->runAction()
#9 /var/www/sales/framework/web/CController.php(265): SiteController->runActionWithFilters()
#10 /var/www/sales/framework/web/CWebApplication.php(282): SiteController->run()
#11 /var/www/sales/framework/web/CWebApplication.php(141): CWebApplication->runController()
#12 /var/www/sales/framework/base/CApplication.php(180): CWebApplication->processRequest()
#13 /var/www/sales/index.php(13): CWebApplication->run()
REQUEST_URI=/index.php?r=site/index
in /var/www/sales/protected/views/site/index.php (4)
in /var/www/sales/protected/controllers/SiteController.php (32)
in /var/www/sales/index.php (13)
2014/04/13 15:52:23 [error] [php] include(EBootstrap.php): failed to open stream: No such file or directory (/var/www/sales/framework/YiiBase.php:427)
Stack trace:
#0 /var/www/sales/protected/views/site/index.php(4): spl_autoload_call()
#1 /var/www/sales/framework/web/CBaseController.php(126): require()
#2 /var/www/sales/framework/web/CBaseController.php(95): SiteController->renderInternal()
#3 /var/www/sales/framework/web/CController.php(869): SiteController->renderFile()
#4 /var/www/sales/framework/web/CController.php(782): SiteController->renderPartial()
#5 /var/www/sales/protected/controllers/SiteController.php(32): SiteController->render()
#6 /var/www/sales/framework/web/actions/CInlineAction.php(49): SiteController->actionIndex()
#7 /var/www/sales/framework/web/CController.php(308): CInlineAction->runWithParams()
#8 /var/www/sales/framework/web/CController.php(286): SiteController->runAction()
#9 /var/www/sales/framework/web/CController.php(265): SiteController->runActionWithFilters()
#10 /var/www/sales/framework/web/CWebApplication.php(282): SiteController->run()
#11 /var/www/sales/framework/web/CWebApplication.php(141): CWebApplication->runController()
#12 /var/www/sales/framework/base/CApplication.php(180): CWebApplication->processRequest()
#13 /var/www/sales/index.php(13): CWebApplication->run()
REQUEST_URI=/index.php?r=site/index
in /var/www/sales/protected/views/site/index.php (4)
in /var/www/sales/protected/controllers/SiteController.php (32)
in /var/www/sales/index.php (13)
2014/04/13 15:52:23 [error] [php] include(EBootstrap.php): failed to open stream: No such file or directory (/var/www/sales/framework/YiiBase.php:427)
Stack trace:
#0 /var/www/sales/protected/views/site/index.php(4): spl_autoload_call()
#1 /var/www/sales/framework/web/CBaseController.php(126): require()
#2 /var/www/sales/framework/web/CBaseController.php(95): SiteController->renderInternal()
#3 /var/www/sales/framework/web/CController.php(869): SiteController->renderFile()
#4 /var/www/sales/framework/web/CController.php(782): SiteController->renderPartial()
#5 /var/www/sales/protected/controllers/SiteController.php(32): SiteController->render()
#6 /var/www/sales/framework/web/actions/CInlineAction.php(49): SiteController->actionIndex()
#7 /var/www/sales/framework/web/CController.php(308): CInlineAction->runWithParams()
#8 /var/www/sales/framework/web/CController.php(286): SiteController->runAction()
#9 /var/www/sales/framework/web/CController.php(265): SiteController->runActionWithFilters()
#10 /var/www/sales/framework/web/CWebApplication.php(282): SiteController->run()
#11 /var/www/sales/framework/web/CWebApplication.php(141): CWebApplication->runController()
#12 /var/www/sales/framework/base/CApplication.php(180): CWebApplication->processRequest()
#13 /var/www/sales/index.php(13): CWebApplication->run()
REQUEST_URI=/index.php?r=site/index
in /var/www/sales/protected/views/site/index.php (4)
in /var/www/sales/protected/controllers/SiteController.php (32)
in /var/www/sales/index.php (13)
2014/04/13 15:52:23 [error] [php] include(EBootstrap.php): failed to open stream: No such file or directory (/var/www/sales/framework/YiiBase.php:427)
Stack trace:
#0 /var/www/sales/protected/views/site/index.php(4): spl_autoload_call()
#1 /var/www/sales/framework/web/CBaseController.php(126): require()
#2 /var/www/sales/framework/web/CBaseController.php(95): SiteController->renderInternal()
#3 /var/www/sales/framework/web/CController.php(869): SiteController->renderFile()
#4 /var/www/sales/framework/web/CController.php(782): SiteController->renderPartial()
#5 /var/www/sales/protected/controllers/SiteController.php(32): SiteController->render()
#6 /var/www/sales/framework/web/actions/CInlineAction.php(49): SiteController->actionIndex()
#7 /var/www/sales/framework/web/CController.php(308): CInlineAction->runWithParams()
#8 /var/www/sales/framework/web/CController.php(286): SiteController->runAction()
#9 /var/www/sales/framework/web/CController.php(265): SiteController->runActionWithFilters()
#10 /var/www/sales/framework/web/CWebApplication.php(282): SiteController->run()
#11 /var/www/sales/framework/web/CWebApplication.php(141): CWebApplication->runController()
#12 /var/www/sales/framework/base/CApplication.php(180): CWebApplication->processRequest()
#13 /var/www/sales/index.php(13): CWebApplication->run()
REQUEST_URI=/index.php?r=site/index
in /var/www/sales/protected/views/site/index.php (4)
in /var/www/sales/protected/controllers/SiteController.php (32)
in /var/www/sales/index.php (13)
2014/04/13 15:52:23 [error] [php] include(EBootstrap.php): failed to open stream: No such file or directory (/var/www/sales/framework/YiiBase.php:427)
Stack trace:
#0 /var/www/sales/protected/views/site/index.php(4): spl_autoload_call()
#1 /var/www/sales/framework/web/CBaseController.php(126): require()
#2 /var/www/sales/framework/web/CBaseController.php(95): SiteController->renderInternal()
#3 /var/www/sales/framework/web/CController.php(869): SiteController->renderFile()
#4 /var/www/sales/framework/web/CController.php(782): SiteController->renderPartial()
#5 /var/www/sales/protected/controllers/SiteController.php(32): SiteController->render()
#6 /var/www/sales/framework/web/actions/CInlineAction.php(49): SiteController->actionIndex()
#7 /var/www/sales/framework/web/CController.php(308): CInlineAction->runWithParams()
#8 /var/www/sales/framework/web/CController.php(286): SiteController->runAction()
#9 /var/www/sales/framework/web/CController.php(265): SiteController->runActionWithFilters()
#10 /var/www/sales/framework/web/CWebApplication.php(282): SiteController->run()
#11 /var/www/sales/framework/web/CWebApplication.php(141): CWebApplication->runController()
#12 /var/www/sales/framework/base/CApplication.php(180): CWebApplication->processRequest()
#13 /var/www/sales/index.php(13): CWebApplication->run()
REQUEST_URI=/index.php?r=site/index
in /var/www/sales/protected/views/site/index.php (4)
in /var/www/sales/protected/controllers/SiteController.php (32)
in /var/www/sales/index.php (13)
2014/04/13 15:52:24 [error] [php] include(EBootstrap.php): failed to open stream: No such file or directory (/var/www/sales/framework/YiiBase.php:427)
Stack trace:
#0 /var/www/sales/protected/views/site/index.php(4): spl_autoload_call()
#1 /var/www/sales/framework/web/CBaseController.php(126): require()
#2 /var/www/sales/framework/web/CBaseController.php(95): SiteController->renderInternal()
#3 /var/www/sales/framework/web/CController.php(869): SiteController->renderFile()
#4 /var/www/sales/framework/web/CController.php(782): SiteController->renderPartial()
#5 /var/www/sales/protected/controllers/SiteController.php(32): SiteController->render()
#6 /var/www/sales/framework/web/actions/CInlineAction.php(49): SiteController->actionIndex()
#7 /var/www/sales/framework/web/CController.php(308): CInlineAction->runWithParams()
#8 /var/www/sales/framework/web/CController.php(286): SiteController->runAction()
#9 /var/www/sales/framework/web/CController.php(265): SiteController->runActionWithFilters()
#10 /var/www/sales/framework/web/CWebApplication.php(282): SiteController->run()
#11 /var/www/sales/framework/web/CWebApplication.php(141): CWebApplication->runController()
#12 /var/www/sales/framework/base/CApplication.php(180): CWebApplication->processRequest()
#13 /var/www/sales/index.php(13): CWebApplication->run()
REQUEST_URI=/index.php?r=site/index
in /var/www/sales/protected/views/site/index.php (4)
in /var/www/sales/protected/controllers/SiteController.php (32)
in /var/www/sales/index.php (13)
2014/04/13 15:52:56 [error] [php] include(TbCarousel.php): failed to open stream: No such file or directory (/var/www/sales/framework/YiiBase.php:427)
Stack trace:
#0 /var/www/sales/protected/views/site/index.php(4): spl_autoload_call()
#1 /var/www/sales/framework/web/CBaseController.php(126): require()
#2 /var/www/sales/framework/web/CBaseController.php(95): SiteController->renderInternal()
#3 /var/www/sales/framework/web/CController.php(869): SiteController->renderFile()
#4 /var/www/sales/framework/web/CController.php(782): SiteController->renderPartial()
#5 /var/www/sales/protected/controllers/SiteController.php(32): SiteController->render()
#6 /var/www/sales/framework/web/actions/CInlineAction.php(49): SiteController->actionIndex()
#7 /var/www/sales/framework/web/CController.php(308): CInlineAction->runWithParams()
#8 /var/www/sales/framework/web/CController.php(286): SiteController->runAction()
#9 /var/www/sales/framework/web/CController.php(265): SiteController->runActionWithFilters()
#10 /var/www/sales/framework/web/CWebApplication.php(282): SiteController->run()
#11 /var/www/sales/framework/web/CWebApplication.php(141): CWebApplication->runController()
#12 /var/www/sales/framework/base/CApplication.php(180): CWebApplication->processRequest()
#13 /var/www/sales/index.php(13): CWebApplication->run()
REQUEST_URI=/index.php?r=site/index
in /var/www/sales/protected/views/site/index.php (4)
in /var/www/sales/protected/controllers/SiteController.php (32)
in /var/www/sales/index.php (13)
2014/04/13 15:53:22 [error] [php] include(TbCarousel.php): failed to open stream: No such file or directory (/var/www/sales/framework/YiiBase.php:427)
Stack trace:
#0 /var/www/sales/protected/views/site/index.php(4): spl_autoload_call()
#1 /var/www/sales/framework/web/CBaseController.php(126): require()
#2 /var/www/sales/framework/web/CBaseController.php(95): SiteController->renderInternal()
#3 /var/www/sales/framework/web/CController.php(869): SiteController->renderFile()
#4 /var/www/sales/framework/web/CController.php(782): SiteController->renderPartial()
#5 /var/www/sales/protected/controllers/SiteController.php(32): SiteController->render()
#6 /var/www/sales/framework/web/actions/CInlineAction.php(49): SiteController->actionIndex()
#7 /var/www/sales/framework/web/CController.php(308): CInlineAction->runWithParams()
#8 /var/www/sales/framework/web/CController.php(286): SiteController->runAction()
#9 /var/www/sales/framework/web/CController.php(265): SiteController->runActionWithFilters()
#10 /var/www/sales/framework/web/CWebApplication.php(282): SiteController->run()
#11 /var/www/sales/framework/web/CWebApplication.php(141): CWebApplication->runController()
#12 /var/www/sales/framework/base/CApplication.php(180): CWebApplication->processRequest()
#13 /var/www/sales/index.php(13): CWebApplication->run()
REQUEST_URI=/index.php?r=site/index
in /var/www/sales/protected/views/site/index.php (4)
in /var/www/sales/protected/controllers/SiteController.php (32)
in /var/www/sales/index.php (13)
2014/04/13 15:53:23 [error] [php] include(TbCarousel.php): failed to open stream: No such file or directory (/var/www/sales/framework/YiiBase.php:427)
Stack trace:
#0 /var/www/sales/protected/views/site/index.php(4): spl_autoload_call()
#1 /var/www/sales/framework/web/CBaseController.php(126): require()
#2 /var/www/sales/framework/web/CBaseController.php(95): SiteController->renderInternal()
#3 /var/www/sales/framework/web/CController.php(869): SiteController->renderFile()
#4 /var/www/sales/framework/web/CController.php(782): SiteController->renderPartial()
#5 /var/www/sales/protected/controllers/SiteController.php(32): SiteController->render()
#6 /var/www/sales/framework/web/actions/CInlineAction.php(49): SiteController->actionIndex()
#7 /var/www/sales/framework/web/CController.php(308): CInlineAction->runWithParams()
#8 /var/www/sales/framework/web/CController.php(286): SiteController->runAction()
#9 /var/www/sales/framework/web/CController.php(265): SiteController->runActionWithFilters()
#10 /var/www/sales/framework/web/CWebApplication.php(282): SiteController->run()
#11 /var/www/sales/framework/web/CWebApplication.php(141): CWebApplication->runController()
#12 /var/www/sales/framework/base/CApplication.php(180): CWebApplication->processRequest()
#13 /var/www/sales/index.php(13): CWebApplication->run()
REQUEST_URI=/index.php?r=site/index
in /var/www/sales/protected/views/site/index.php (4)
in /var/www/sales/protected/controllers/SiteController.php (32)
in /var/www/sales/index.php (13)
2014/04/13 15:53:23 [error] [php] include(TbCarousel.php): failed to open stream: No such file or directory (/var/www/sales/framework/YiiBase.php:427)
Stack trace:
#0 /var/www/sales/protected/views/site/index.php(4): spl_autoload_call()
#1 /var/www/sales/framework/web/CBaseController.php(126): require()
#2 /var/www/sales/framework/web/CBaseController.php(95): SiteController->renderInternal()
#3 /var/www/sales/framework/web/CController.php(869): SiteController->renderFile()
#4 /var/www/sales/framework/web/CController.php(782): SiteController->renderPartial()
#5 /var/www/sales/protected/controllers/SiteController.php(32): SiteController->render()
#6 /var/www/sales/framework/web/actions/CInlineAction.php(49): SiteController->actionIndex()
#7 /var/www/sales/framework/web/CController.php(308): CInlineAction->runWithParams()
#8 /var/www/sales/framework/web/CController.php(286): SiteController->runAction()
#9 /var/www/sales/framework/web/CController.php(265): SiteController->runActionWithFilters()
#10 /var/www/sales/framework/web/CWebApplication.php(282): SiteController->run()
#11 /var/www/sales/framework/web/CWebApplication.php(141): CWebApplication->runController()
#12 /var/www/sales/framework/base/CApplication.php(180): CWebApplication->processRequest()
#13 /var/www/sales/index.php(13): CWebApplication->run()
REQUEST_URI=/index.php?r=site/index
in /var/www/sales/protected/views/site/index.php (4)
in /var/www/sales/protected/controllers/SiteController.php (32)
in /var/www/sales/index.php (13)
2014/04/13 15:53:24 [error] [php] include(TbCarousel.php): failed to open stream: No such file or directory (/var/www/sales/framework/YiiBase.php:427)
Stack trace:
#0 /var/www/sales/protected/views/site/index.php(4): spl_autoload_call()
#1 /var/www/sales/framework/web/CBaseController.php(126): require()
#2 /var/www/sales/framework/web/CBaseController.php(95): SiteController->renderInternal()
#3 /var/www/sales/framework/web/CController.php(869): SiteController->renderFile()
#4 /var/www/sales/framework/web/CController.php(782): SiteController->renderPartial()
#5 /var/www/sales/protected/controllers/SiteController.php(32): SiteController->render()
#6 /var/www/sales/framework/web/actions/CInlineAction.php(49): SiteController->actionIndex()
#7 /var/www/sales/framework/web/CController.php(308): CInlineAction->runWithParams()
#8 /var/www/sales/framework/web/CController.php(286): SiteController->runAction()
#9 /var/www/sales/framework/web/CController.php(265): SiteController->runActionWithFilters()
#10 /var/www/sales/framework/web/CWebApplication.php(282): SiteController->run()
#11 /var/www/sales/framework/web/CWebApplication.php(141): CWebApplication->runController()
#12 /var/www/sales/framework/base/CApplication.php(180): CWebApplication->processRequest()
#13 /var/www/sales/index.php(13): CWebApplication->run()
REQUEST_URI=/index.php?r=site/index
in /var/www/sales/protected/views/site/index.php (4)
in /var/www/sales/protected/controllers/SiteController.php (32)
in /var/www/sales/index.php (13)
2014/04/14 00:03:19 [error] [exception.CHttpException.404] exception 'CHttpException' with message 'Unable to resolve the request "kredit/kredit".' in /var/www/sales/framework/web/CWebApplication.php:286
Stack trace:
#0 /var/www/sales/framework/web/CWebApplication.php(141): CWebApplication->runController('kredit/kredit')
#1 /var/www/sales/framework/base/CApplication.php(180): CWebApplication->processRequest()
#2 /var/www/sales/index.php(13): CApplication->run()
#3 {main}
REQUEST_URI=/index.php?r=kredit/kredit
HTTP_REFERER=http://sales/index.php?r=site/index
---
2014/04/14 00:04:54 [error] [exception.CHttpException.404] exception 'CHttpException' with message 'Unable to resolve the request "kredit/kredit".' in /var/www/sales/framework/web/CWebApplication.php:286
Stack trace:
#0 /var/www/sales/framework/web/CWebApplication.php(141): CWebApplication->runController('kredit/kredit')
#1 /var/www/sales/framework/base/CApplication.php(180): CWebApplication->processRequest()
#2 /var/www/sales/index.php(13): CApplication->run()
#3 {main}
REQUEST_URI=/index.php?r=kredit/kredit
HTTP_REFERER=http://sales/index.php?r=site/index
---
2014/04/14 00:05:57 [error] [exception.CHttpException.404] exception 'CHttpException' with message 'Unable to resolve the request "kredit/kredit".' in /var/www/sales/framework/web/CWebApplication.php:286
Stack trace:
#0 /var/www/sales/framework/web/CWebApplication.php(141): CWebApplication->runController('kredit/kredit')
#1 /var/www/sales/framework/base/CApplication.php(180): CWebApplication->processRequest()
#2 /var/www/sales/index.php(13): CApplication->run()
#3 {main}
REQUEST_URI=/index.php?r=kredit/kredit
HTTP_REFERER=http://sales/index.php?r=site/index
---
2014/04/14 00:05:58 [error] [exception.CHttpException.404] exception 'CHttpException' with message 'Unable to resolve the request "kredit/kredit".' in /var/www/sales/framework/web/CWebApplication.php:286
Stack trace:
#0 /var/www/sales/framework/web/CWebApplication.php(141): CWebApplication->runController('kredit/kredit')
#1 /var/www/sales/framework/base/CApplication.php(180): CWebApplication->processRequest()
#2 /var/www/sales/index.php(13): CApplication->run()
#3 {main}
REQUEST_URI=/index.php?r=kredit/kredit
HTTP_REFERER=http://sales/index.php?r=site/index
---
2014/04/14 00:05:58 [error] [exception.CHttpException.404] exception 'CHttpException' with message 'Unable to resolve the request "kredit/kredit".' in /var/www/sales/framework/web/CWebApplication.php:286
Stack trace:
#0 /var/www/sales/framework/web/CWebApplication.php(141): CWebApplication->runController('kredit/kredit')
#1 /var/www/sales/framework/base/CApplication.php(180): CWebApplication->processRequest()
#2 /var/www/sales/index.php(13): CApplication->run()
#3 {main}
REQUEST_URI=/index.php?r=kredit/kredit
HTTP_REFERER=http://sales/index.php?r=site/index
---
2014/04/14 00:06:03 [error] [exception.CHttpException.404] exception 'CHttpException' with message 'Unable to resolve the request "kredit".' in /var/www/sales/framework/web/CWebApplication.php:286
Stack trace:
#0 /var/www/sales/framework/web/CWebApplication.php(141): CWebApplication->runController('kredit')
#1 /var/www/sales/framework/base/CApplication.php(180): CWebApplication->processRequest()
#2 /var/www/sales/index.php(13): CApplication->run()
#3 {main}
REQUEST_URI=/index.php?r=kredit
HTTP_REFERER=http://sales/index.php?r=site/index
---
2014/04/14 00:10:32 [error] [exception.CHttpException.404] exception 'CHttpException' with message 'Unable to resolve the request "kredit".' in /var/www/sales/framework/web/CWebApplication.php:286
Stack trace:
#0 /var/www/sales/framework/web/CWebApplication.php(141): CWebApplication->runController('kredit')
#1 /var/www/sales/framework/base/CApplication.php(180): CWebApplication->processRequest()
#2 /var/www/sales/index.php(13): CApplication->run()
#3 {main}
REQUEST_URI=/index.php?r=kredit
HTTP_REFERER=http://sales/index.php?r=site/index
---
2014/04/14 00:10:32 [error] [exception.CHttpException.404] exception 'CHttpException' with message 'Unable to resolve the request "kredit".' in /var/www/sales/framework/web/CWebApplication.php:286
Stack trace:
#0 /var/www/sales/framework/web/CWebApplication.php(141): CWebApplication->runController('kredit')
#1 /var/www/sales/framework/base/CApplication.php(180): CWebApplication->processRequest()
#2 /var/www/sales/index.php(13): CApplication->run()
#3 {main}
REQUEST_URI=/index.php?r=kredit
HTTP_REFERER=http://sales/index.php?r=site/index
---
2014/04/14 00:10:32 [error] [exception.CHttpException.404] exception 'CHttpException' with message 'Unable to resolve the request "kredit".' in /var/www/sales/framework/web/CWebApplication.php:286
Stack trace:
#0 /var/www/sales/framework/web/CWebApplication.php(141): CWebApplication->runController('kredit')
#1 /var/www/sales/framework/base/CApplication.php(180): CWebApplication->processRequest()
#2 /var/www/sales/index.php(13): CApplication->run()
#3 {main}
REQUEST_URI=/index.php?r=kredit
HTTP_REFERER=http://sales/index.php?r=site/index
---
2014/04/14 00:10:32 [error] [exception.CHttpException.404] exception 'CHttpException' with message 'Unable to resolve the request "kredit".' in /var/www/sales/framework/web/CWebApplication.php:286
Stack trace:
#0 /var/www/sales/framework/web/CWebApplication.php(141): CWebApplication->runController('kredit')
#1 /var/www/sales/framework/base/CApplication.php(180): CWebApplication->processRequest()
#2 /var/www/sales/index.php(13): CApplication->run()
#3 {main}
REQUEST_URI=/index.php?r=kredit
HTTP_REFERER=http://sales/index.php?r=site/index
---
2014/04/14 00:10:34 [error] [exception.CHttpException.404] exception 'CHttpException' with message 'Unable to resolve the request "product/product".' in /var/www/sales/framework/web/CWebApplication.php:286
Stack trace:
#0 /var/www/sales/framework/web/CWebApplication.php(141): CWebApplication->runController('product/product')
#1 /var/www/sales/framework/base/CApplication.php(180): CWebApplication->processRequest()
#2 /var/www/sales/index.php(13): CApplication->run()
#3 {main}
REQUEST_URI=/index.php?r=product/product
HTTP_REFERER=http://sales/index.php?r=kredit
---
2014/04/14 00:10:36 [error] [exception.CHttpException.404] exception 'CHttpException' with message 'Unable to resolve the request "promo/promo".' in /var/www/sales/framework/web/CWebApplication.php:286
Stack trace:
#0 /var/www/sales/framework/web/CWebApplication.php(141): CWebApplication->runController('promo/promo')
#1 /var/www/sales/framework/base/CApplication.php(180): CWebApplication->processRequest()
#2 /var/www/sales/index.php(13): CApplication->run()
#3 {main}
REQUEST_URI=/index.php?r=promo/promo
HTTP_REFERER=http://sales/index.php?r=product/product
---
2014/04/14 00:10:38 [error] [exception.CHttpException.404] exception 'CHttpException' with message 'Unable to resolve the request "price/price".' in /var/www/sales/framework/web/CWebApplication.php:286
Stack trace:
#0 /var/www/sales/framework/web/CWebApplication.php(141): CWebApplication->runController('price/price')
#1 /var/www/sales/framework/base/CApplication.php(180): CWebApplication->processRequest()
#2 /var/www/sales/index.php(13): CApplication->run()
#3 {main}
REQUEST_URI=/index.php?r=price/price
HTTP_REFERER=http://sales/index.php?r=promo/promo
---
2014/04/14 00:10:40 [error] [exception.CHttpException.404] exception 'CHttpException' with message 'Unable to resolve the request "kredit/kredit".' in /var/www/sales/framework/web/CWebApplication.php:286
Stack trace:
#0 /var/www/sales/framework/web/CWebApplication.php(141): CWebApplication->runController('kredit/kredit')
#1 /var/www/sales/framework/base/CApplication.php(180): CWebApplication->processRequest()
#2 /var/www/sales/index.php(13): CApplication->run()
#3 {main}
REQUEST_URI=/index.php?r=kredit/kredit
HTTP_REFERER=http://sales/index.php?r=price/price
---
2014/04/14 00:10:41 [error] [exception.CHttpException.404] exception 'CHttpException' with message 'Unable to resolve the request "galery/galery".' in /var/www/sales/framework/web/CWebApplication.php:286
Stack trace:
#0 /var/www/sales/framework/web/CWebApplication.php(141): CWebApplication->runController('galery/galery')
#1 /var/www/sales/framework/base/CApplication.php(180): CWebApplication->processRequest()
#2 /var/www/sales/index.php(13): CApplication->run()
#3 {main}
REQUEST_URI=/index.php?r=galery/galery
HTTP_REFERER=http://sales/index.php?r=kredit/kredit
---
2014/04/14 00:10:43 [error] [exception.CHttpException.404] exception 'CHttpException' with message 'Unable to resolve the request "contact/contact".' in /var/www/sales/framework/web/CWebApplication.php:286
Stack trace:
#0 /var/www/sales/framework/web/CWebApplication.php(141): CWebApplication->runController('contact/contact')
#1 /var/www/sales/framework/base/CApplication.php(180): CWebApplication->processRequest()
#2 /var/www/sales/index.php(13): CApplication->run()
#3 {main}
REQUEST_URI=/index.php?r=contact/contact
HTTP_REFERER=http://sales/index.php?r=galery/galery
---
2014/04/14 00:13:14 [error] [exception.CHttpException.404] exception 'CHttpException' with message 'Unable to resolve the request "product/product".' in /var/www/sales/framework/web/CWebApplication.php:286
Stack trace:
#0 /var/www/sales/framework/web/CWebApplication.php(141): CWebApplication->runController('product/product')
#1 /var/www/sales/framework/base/CApplication.php(180): CWebApplication->processRequest()
#2 /var/www/sales/index.php(13): CApplication->run()
#3 {main}
REQUEST_URI=/index.php?r=product/product
HTTP_REFERER=http://sales/index.php?r=site/index
---
2014/04/14 00:13:17 [error] [exception.CHttpException.404] exception 'CHttpException' with message 'Unable to resolve the request "price/price".' in /var/www/sales/framework/web/CWebApplication.php:286
Stack trace:
#0 /var/www/sales/framework/web/CWebApplication.php(141): CWebApplication->runController('price/price')
#1 /var/www/sales/framework/base/CApplication.php(180): CWebApplication->processRequest()
#2 /var/www/sales/index.php(13): CApplication->run()
#3 {main}
REQUEST_URI=/index.php?r=price/price
HTTP_REFERER=http://sales/index.php?r=product/product
---
2014/04/14 00:13:18 [error] [exception.CHttpException.404] exception 'CHttpException' with message 'Unable to resolve the request "kredit/kredit".' in /var/www/sales/framework/web/CWebApplication.php:286
Stack trace:
#0 /var/www/sales/framework/web/CWebApplication.php(141): CWebApplication->runController('kredit/kredit')
#1 /var/www/sales/framework/base/CApplication.php(180): CWebApplication->processRequest()
#2 /var/www/sales/index.php(13): CApplication->run()
#3 {main}
REQUEST_URI=/index.php?r=kredit/kredit
HTTP_REFERER=http://sales/index.php?r=price/price
---
2014/04/14 00:16:20 [error] [exception.CHttpException.404] exception 'CHttpException' with message 'Unable to resolve the request "kredit/kredit".' in /var/www/sales/framework/web/CWebApplication.php:286
Stack trace:
#0 /var/www/sales/framework/web/CWebApplication.php(141): CWebApplication->runController('kredit/kredit')
#1 /var/www/sales/framework/base/CApplication.php(180): CWebApplication->processRequest()
#2 /var/www/sales/index.php(13): CApplication->run()
#3 {main}
REQUEST_URI=/index.php?r=kredit/kredit
HTTP_REFERER=http://sales/index.php?r=site/index
---
2014/04/14 00:17:41 [error] [exception.CHttpException.404] exception 'CHttpException' with message 'Unable to resolve the request "kredit/kredit".' in /var/www/sales/framework/web/CWebApplication.php:286
Stack trace:
#0 /var/www/sales/framework/web/CWebApplication.php(141): CWebApplication->runController('kredit/kredit')
#1 /var/www/sales/framework/base/CApplication.php(180): CWebApplication->processRequest()
#2 /var/www/sales/index.php(13): CApplication->run()
#3 {main}
REQUEST_URI=/index.php?r=kredit/kredit
HTTP_REFERER=http://sales/index.php?r=site/index
---
2014/04/14 00:17:42 [error] [exception.CHttpException.404] exception 'CHttpException' with message 'Unable to resolve the request "kredit/kredit".' in /var/www/sales/framework/web/CWebApplication.php:286
Stack trace:
#0 /var/www/sales/framework/web/CWebApplication.php(141): CWebApplication->runController('kredit/kredit')
#1 /var/www/sales/framework/base/CApplication.php(180): CWebApplication->processRequest()
#2 /var/www/sales/index.php(13): CApplication->run()
#3 {main}
REQUEST_URI=/index.php?r=kredit/kredit
HTTP_REFERER=http://sales/index.php?r=site/index
---
2014/04/14 00:17:43 [error] [exception.CHttpException.404] exception 'CHttpException' with message 'Unable to resolve the request "kredit/kredit".' in /var/www/sales/framework/web/CWebApplication.php:286
Stack trace:
#0 /var/www/sales/framework/web/CWebApplication.php(141): CWebApplication->runController('kredit/kredit')
#1 /var/www/sales/framework/base/CApplication.php(180): CWebApplication->processRequest()
#2 /var/www/sales/index.php(13): CApplication->run()
#3 {main}
REQUEST_URI=/index.php?r=kredit/kredit
HTTP_REFERER=http://sales/index.php?r=site/index
---
2014/04/14 00:17:43 [error] [exception.CHttpException.404] exception 'CHttpException' with message 'Unable to resolve the request "kredit/kredit".' in /var/www/sales/framework/web/CWebApplication.php:286
Stack trace:
#0 /var/www/sales/framework/web/CWebApplication.php(141): CWebApplication->runController('kredit/kredit')
#1 /var/www/sales/framework/base/CApplication.php(180): CWebApplication->processRequest()
#2 /var/www/sales/index.php(13): CApplication->run()
#3 {main}
REQUEST_URI=/index.php?r=kredit/kredit
HTTP_REFERER=http://sales/index.php?r=site/index
---
2014/04/14 00:17:43 [error] [exception.CHttpException.404] exception 'CHttpException' with message 'Unable to resolve the request "kredit/kredit".' in /var/www/sales/framework/web/CWebApplication.php:286
Stack trace:
#0 /var/www/sales/framework/web/CWebApplication.php(141): CWebApplication->runController('kredit/kredit')
#1 /var/www/sales/framework/base/CApplication.php(180): CWebApplication->processRequest()
#2 /var/www/sales/index.php(13): CApplication->run()
#3 {main}
REQUEST_URI=/index.php?r=kredit/kredit
HTTP_REFERER=http://sales/index.php?r=site/index
---
2014/04/14 00:17:47 [error] [exception.CHttpException.404] exception 'CHttpException' with message 'Unable to resolve the request "kredit/kredit".' in /var/www/sales/framework/web/CWebApplication.php:286
Stack trace:
#0 /var/www/sales/framework/web/CWebApplication.php(141): CWebApplication->runController('kredit/kredit')
#1 /var/www/sales/framework/base/CApplication.php(180): CWebApplication->processRequest()
#2 /var/www/sales/index.php(13): CApplication->run()
#3 {main}
REQUEST_URI=/index.php?r=kredit/kredit
HTTP_REFERER=http://sales/index.php?r=site/index
---
2014/04/14 00:19:11 [error] [exception.CHttpException.404] exception 'CHttpException' with message 'Unable to resolve the request "kredit/kredit".' in /var/www/sales/framework/web/CWebApplication.php:286
Stack trace:
#0 /var/www/sales/framework/web/CWebApplication.php(141): CWebApplication->runController('kredit/kredit')
#1 /var/www/sales/framework/base/CApplication.php(180): CWebApplication->processRequest()
#2 /var/www/sales/index.php(13): CApplication->run()
#3 {main}
REQUEST_URI=/index.php?r=kredit/kredit
HTTP_REFERER=http://sales/index.php?r=site/index
---
2014/04/14 00:19:12 [error] [exception.CHttpException.404] exception 'CHttpException' with message 'Unable to resolve the request "kredit/kredit".' in /var/www/sales/framework/web/CWebApplication.php:286
Stack trace:
#0 /var/www/sales/framework/web/CWebApplication.php(141): CWebApplication->runController('kredit/kredit')
#1 /var/www/sales/framework/base/CApplication.php(180): CWebApplication->processRequest()
#2 /var/www/sales/index.php(13): CApplication->run()
#3 {main}
REQUEST_URI=/index.php?r=kredit/kredit
HTTP_REFERER=http://sales/index.php?r=site/index
---
2014/04/14 00:19:12 [error] [exception.CHttpException.404] exception 'CHttpException' with message 'Unable to resolve the request "kredit/kredit".' in /var/www/sales/framework/web/CWebApplication.php:286
Stack trace:
#0 /var/www/sales/framework/web/CWebApplication.php(141): CWebApplication->runController('kredit/kredit')
#1 /var/www/sales/framework/base/CApplication.php(180): CWebApplication->processRequest()
#2 /var/www/sales/index.php(13): CApplication->run()
#3 {main}
REQUEST_URI=/index.php?r=kredit/kredit
HTTP_REFERER=http://sales/index.php?r=site/index
---
2014/04/14 00:19:12 [error] [exception.CHttpException.404] exception 'CHttpException' with message 'Unable to resolve the request "kredit/kredit".' in /var/www/sales/framework/web/CWebApplication.php:286
Stack trace:
#0 /var/www/sales/framework/web/CWebApplication.php(141): CWebApplication->runController('kredit/kredit')
#1 /var/www/sales/framework/base/CApplication.php(180): CWebApplication->processRequest()
#2 /var/www/sales/index.php(13): CApplication->run()
#3 {main}
REQUEST_URI=/index.php?r=kredit/kredit
HTTP_REFERER=http://sales/index.php?r=site/index
---
2014/04/14 00:19:12 [error] [exception.CHttpException.404] exception 'CHttpException' with message 'Unable to resolve the request "kredit/kredit".' in /var/www/sales/framework/web/CWebApplication.php:286
Stack trace:
#0 /var/www/sales/framework/web/CWebApplication.php(141): CWebApplication->runController('kredit/kredit')
#1 /var/www/sales/framework/base/CApplication.php(180): CWebApplication->processRequest()
#2 /var/www/sales/index.php(13): CApplication->run()
#3 {main}
REQUEST_URI=/index.php?r=kredit/kredit
HTTP_REFERER=http://sales/index.php?r=site/index
---
2014/04/14 00:19:16 [error] [exception.CHttpException.404] exception 'CHttpException' with message 'Unable to resolve the request "kredit/kredit".' in /var/www/sales/framework/web/CWebApplication.php:286
Stack trace:
#0 /var/www/sales/framework/web/CWebApplication.php(141): CWebApplication->runController('kredit/kredit')
#1 /var/www/sales/framework/base/CApplication.php(180): CWebApplication->processRequest()
#2 /var/www/sales/index.php(13): CApplication->run()
#3 {main}
REQUEST_URI=/index.php?r=kredit/kredit
HTTP_REFERER=http://sales/index.php?r=site/index
---
2014/04/14 17:23:06 [error] [exception.CHttpException.404] exception 'CHttpException' with message 'Unable to resolve the request "kredit/kredit".' in /var/www/sales/framework/web/CWebApplication.php:286
Stack trace:
#0 /var/www/sales/framework/web/CWebApplication.php(141): CWebApplication->runController('kredit/kredit')
#1 /var/www/sales/framework/base/CApplication.php(180): CWebApplication->processRequest()
#2 /var/www/sales/index.php(13): CApplication->run()
#3 {main}
REQUEST_URI=/index.php?r=kredit/kredit
HTTP_REFERER=http://sales/
---
2014/04/14 17:24:20 [error] [exception.CHttpException.404] exception 'CHttpException' with message 'Unable to resolve the request "kredit/kredit".' in /var/www/sales/framework/web/CWebApplication.php:286
Stack trace:
#0 /var/www/sales/framework/web/CWebApplication.php(141): CWebApplication->runController('kredit/kredit')
#1 /var/www/sales/framework/base/CApplication.php(180): CWebApplication->processRequest()
#2 /var/www/sales/index.php(13): CApplication->run()
#3 {main}
REQUEST_URI=/index.php?r=kredit/kredit
HTTP_REFERER=http://sales/
---
2014/04/14 17:24:20 [error] [exception.CHttpException.404] exception 'CHttpException' with message 'Unable to resolve the request "kredit/kredit".' in /var/www/sales/framework/web/CWebApplication.php:286
Stack trace:
#0 /var/www/sales/framework/web/CWebApplication.php(141): CWebApplication->runController('kredit/kredit')
#1 /var/www/sales/framework/base/CApplication.php(180): CWebApplication->processRequest()
#2 /var/www/sales/index.php(13): CApplication->run()
#3 {main}
REQUEST_URI=/index.php?r=kredit/kredit
HTTP_REFERER=http://sales/
---
2014/04/14 17:24:21 [error] [exception.CHttpException.404] exception 'CHttpException' with message 'Unable to resolve the request "kredit/kredit".' in /var/www/sales/framework/web/CWebApplication.php:286
Stack trace:
#0 /var/www/sales/framework/web/CWebApplication.php(141): CWebApplication->runController('kredit/kredit')
#1 /var/www/sales/framework/base/CApplication.php(180): CWebApplication->processRequest()
#2 /var/www/sales/index.php(13): CApplication->run()
#3 {main}
REQUEST_URI=/index.php?r=kredit/kredit
HTTP_REFERER=http://sales/
---
2014/04/14 17:26:43 [error] [exception.CHttpException.404] exception 'CHttpException' with message 'Unable to resolve the request "kredit/kredit".' in /var/www/sales/framework/web/CWebApplication.php:286
Stack trace:
#0 /var/www/sales/framework/web/CWebApplication.php(141): CWebApplication->runController('kredit/kredit')
#1 /var/www/sales/framework/base/CApplication.php(180): CWebApplication->processRequest()
#2 /var/www/sales/index.php(13): CApplication->run()
#3 {main}
REQUEST_URI=/index.php?r=kredit/kredit
HTTP_REFERER=http://sales/
---
2014/04/14 17:26:44 [error] [exception.CHttpException.404] exception 'CHttpException' with message 'Unable to resolve the request "kredit/kredit".' in /var/www/sales/framework/web/CWebApplication.php:286
Stack trace:
#0 /var/www/sales/framework/web/CWebApplication.php(141): CWebApplication->runController('kredit/kredit')
#1 /var/www/sales/framework/base/CApplication.php(180): CWebApplication->processRequest()
#2 /var/www/sales/index.php(13): CApplication->run()
#3 {main}
REQUEST_URI=/index.php?r=kredit/kredit
HTTP_REFERER=http://sales/
---
2014/04/14 17:26:59 [error] [exception.CHttpException.404] exception 'CHttpException' with message 'Unable to resolve the request "kredit/kredit".' in /var/www/sales/framework/web/CWebApplication.php:286
Stack trace:
#0 /var/www/sales/framework/web/CWebApplication.php(141): CWebApplication->runController('kredit/kredit')
#1 /var/www/sales/framework/base/CApplication.php(180): CWebApplication->processRequest()
#2 /var/www/sales/index.php(13): CApplication->run()
#3 {main}
REQUEST_URI=/index.php?r=kredit/kredit
HTTP_REFERER=http://sales/
---
2014/04/14 17:27:03 [error] [exception.CHttpException.404] exception 'CHttpException' with message 'Unable to resolve the request "kredit/index".' in /var/www/sales/framework/web/CWebApplication.php:286
Stack trace:
#0 /var/www/sales/framework/web/CWebApplication.php(141): CWebApplication->runController('kredit/index')
#1 /var/www/sales/framework/base/CApplication.php(180): CWebApplication->processRequest()
#2 /var/www/sales/index.php(13): CApplication->run()
#3 {main}
REQUEST_URI=/index.php?r=kredit/index
HTTP_REFERER=http://sales/index.php?r=site/index
---
2014/04/14 17:27:43 [error] [exception.CHttpException.404] exception 'CHttpException' with message 'Unable to resolve the request "kredit/index".' in /var/www/sales/framework/web/CWebApplication.php:286
Stack trace:
#0 /var/www/sales/framework/web/CWebApplication.php(141): CWebApplication->runController('kredit/index')
#1 /var/www/sales/framework/base/CApplication.php(180): CWebApplication->processRequest()
#2 /var/www/sales/index.php(13): CApplication->run()
#3 {main}
REQUEST_URI=/index.php?r=kredit/index
HTTP_REFERER=http://sales/index.php?r=site/index
---
2014/04/14 17:36:30 [error] [exception.CHttpException.404] exception 'CHttpException' with message 'Unable to resolve the request "kredit/index".' in /var/www/sales/framework/web/CWebApplication.php:286
Stack trace:
#0 /var/www/sales/framework/web/CWebApplication.php(141): CWebApplication->runController('kredit/index')
#1 /var/www/sales/framework/base/CApplication.php(180): CWebApplication->processRequest()
#2 /var/www/sales/index.php(13): CApplication->run()
#3 {main}
REQUEST_URI=/index.php?r=kredit/index
HTTP_REFERER=http://sales/index.php?r=site/index
---
2014/04/14 17:36:34 [error] [exception.CHttpException.404] exception 'CHttpException' with message 'Unable to resolve the request "kredit/index".' in /var/www/sales/framework/web/CWebApplication.php:286
Stack trace:
#0 /var/www/sales/framework/web/CWebApplication.php(141): CWebApplication->runController('kredit/index')
#1 /var/www/sales/framework/base/CApplication.php(180): CWebApplication->processRequest()
#2 /var/www/sales/index.php(13): CApplication->run()
#3 {main}
REQUEST_URI=/index.php?r=kredit/index
HTTP_REFERER=http://sales/index.php?r=site/index
---
2014/04/14 17:37:04 [error] [exception.CHttpException.404] exception 'CHttpException' with message 'Unable to resolve the request "kredit/index".' in /var/www/sales/framework/web/CWebApplication.php:286
Stack trace:
#0 /var/www/sales/framework/web/CWebApplication.php(141): CWebApplication->runController('kredit/index')
#1 /var/www/sales/framework/base/CApplication.php(180): CWebApplication->processRequest()
#2 /var/www/sales/index.php(13): CApplication->run()
#3 {main}
REQUEST_URI=/index.php?r=kredit/index
HTTP_REFERER=http://sales/index.php?r=site/index
---
2014/04/14 17:37:07 [error] [exception.CHttpException.404] exception 'CHttpException' with message 'Unable to resolve the request "kredit/index".' in /var/www/sales/framework/web/CWebApplication.php:286
Stack trace:
#0 /var/www/sales/framework/web/CWebApplication.php(141): CWebApplication->runController('kredit/index')
#1 /var/www/sales/framework/base/CApplication.php(180): CWebApplication->processRequest()
#2 /var/www/sales/index.php(13): CApplication->run()
#3 {main}
REQUEST_URI=/index.php?r=kredit/index
HTTP_REFERER=http://sales/index.php?r=site/index
---
2014/04/14 17:37:22 [error] [exception.CHttpException.404] exception 'CHttpException' with message 'Unable to resolve the request "kredit/kredit".' in /var/www/sales/framework/web/CWebApplication.php:286
Stack trace:
#0 /var/www/sales/framework/web/CWebApplication.php(141): CWebApplication->runController('kredit/kredit')
#1 /var/www/sales/framework/base/CApplication.php(180): CWebApplication->processRequest()
#2 /var/www/sales/index.php(13): CApplication->run()
#3 {main}
REQUEST_URI=/index.php?r=kredit/kredit
HTTP_REFERER=http://sales/index.php?r=site/index
---
2014/04/14 17:51:36 [error] [exception.CHttpException.404] exception 'CHttpException' with message 'Unable to resolve the request "kredit/kredit".' in /var/www/sales/framework/web/CWebApplication.php:286
Stack trace:
#0 /var/www/sales/framework/web/CWebApplication.php(141): CWebApplication->runController('kredit/kredit')
#1 /var/www/sales/framework/base/CApplication.php(180): CWebApplication->processRequest()
#2 /var/www/sales/index.php(13): CApplication->run()
#3 {main}
REQUEST_URI=/index.php?r=kredit/kredit
HTTP_REFERER=http://sales/index.php?r=site/index
---
2014/04/14 17:51:40 [error] [exception.CHttpException.404] exception 'CHttpException' with message 'Unable to resolve the request "kredit/kredit".' in /var/www/sales/framework/web/CWebApplication.php:286
Stack trace:
#0 /var/www/sales/framework/web/CWebApplication.php(141): CWebApplication->runController('kredit/kredit')
#1 /var/www/sales/framework/base/CApplication.php(180): CWebApplication->processRequest()
#2 /var/www/sales/index.php(13): CApplication->run()
#3 {main}
REQUEST_URI=/index.php?r=kredit/kredit
HTTP_REFERER=http://sales/index.php?r=site/index
---
2014/04/14 17:53:30 [error] [exception.CHttpException.404] exception 'CHttpException' with message 'Unable to resolve the request "kredit/kredit".' in /var/www/sales/framework/web/CWebApplication.php:286
Stack trace:
#0 /var/www/sales/framework/web/CWebApplication.php(141): CWebApplication->runController('kredit/kredit')
#1 /var/www/sales/framework/base/CApplication.php(180): CWebApplication->processRequest()
#2 /var/www/sales/index.php(13): CApplication->run()
#3 {main}
REQUEST_URI=/index.php?r=kredit/kredit
HTTP_REFERER=http://sales/index.php?r=site/index
---
2014/04/14 17:53:39 [error] [exception.CHttpException.404] exception 'CHttpException' with message 'Unable to resolve the request "kredit/kredit".' in /var/www/sales/framework/web/CWebApplication.php:286
Stack trace:
#0 /var/www/sales/framework/web/CWebApplication.php(141): CWebApplication->runController('kredit/kredit')
#1 /var/www/sales/framework/base/CApplication.php(180): CWebApplication->processRequest()
#2 /var/www/sales/index.php(13): CApplication->run()
#3 {main}
REQUEST_URI=/index.php?r=kredit/kredit
HTTP_REFERER=http://sales/
---
2014/04/14 17:57:24 [error] [exception.CHttpException.404] exception 'CHttpException' with message 'Unable to resolve the request "kredit/kredit".' in /var/www/sales/framework/web/CWebApplication.php:286
Stack trace:
#0 /var/www/sales/framework/web/CWebApplication.php(141): CWebApplication->runController('kredit/kredit')
#1 /var/www/sales/framework/base/CApplication.php(180): CWebApplication->processRequest()
#2 /var/www/sales/index.php(13): CApplication->run()
#3 {main}
REQUEST_URI=/index.php?r=kredit/kredit
HTTP_REFERER=http://sales/index.php?r=site/index
---
2014/04/14 18:10:12 [error] [exception.CHttpException.404] exception 'CHttpException' with message 'Unable to resolve the request "kredit/kredit".' in /var/www/sales/framework/web/CWebApplication.php:286
Stack trace:
#0 /var/www/sales/framework/web/CWebApplication.php(141): CWebApplication->runController('kredit/kredit')
#1 /var/www/sales/framework/base/CApplication.php(180): CWebApplication->processRequest()
#2 /var/www/sales/index.php(13): CApplication->run()
#3 {main}
REQUEST_URI=/kredit/kredit
HTTP_REFERER=http://sales/site/index
---
2014/04/14 18:12:13 [error] [exception.CHttpException.404] exception 'CHttpException' with message 'Unable to resolve the request "kredit/kredit".' in /var/www/sales/framework/web/CWebApplication.php:286
Stack trace:
#0 /var/www/sales/framework/web/CWebApplication.php(141): CWebApplication->runController('kredit/kredit')
#1 /var/www/sales/framework/base/CApplication.php(180): CWebApplication->processRequest()
#2 /var/www/sales/index.php(13): CApplication->run()
#3 {main}
REQUEST_URI=/kredit/kredit
HTTP_REFERER=http://sales/site/index
---
2014/04/14 18:12:17 [error] [exception.CHttpException.404] exception 'CHttpException' with message 'Unable to resolve the request "kredit/kredit".' in /var/www/sales/framework/web/CWebApplication.php:286
Stack trace:
#0 /var/www/sales/framework/web/CWebApplication.php(141): CWebApplication->runController('kredit/kredit')
#1 /var/www/sales/framework/base/CApplication.php(180): CWebApplication->processRequest()
#2 /var/www/sales/index.php(13): CApplication->run()
#3 {main}
REQUEST_URI=/kredit/kredit
HTTP_REFERER=http://sales/site/index
---
2014/04/14 18:12:40 [error] [exception.CHttpException.404] exception 'CHttpException' with message 'Unable to resolve the request "kredit/kredit".' in /var/www/sales/framework/web/CWebApplication.php:286
Stack trace:
#0 /var/www/sales/framework/web/CWebApplication.php(141): CWebApplication->runController('kredit/kredit')
#1 /var/www/sales/framework/base/CApplication.php(180): CWebApplication->processRequest()
#2 /var/www/sales/index.php(13): CApplication->run()
#3 {main}
REQUEST_URI=/kredit/kredit
HTTP_REFERER=http://sales/site/index
---
2014/04/14 18:12:43 [error] [exception.CHttpException.404] exception 'CHttpException' with message 'Unable to resolve the request "kredit/kredit".' in /var/www/sales/framework/web/CWebApplication.php:286
Stack trace:
#0 /var/www/sales/framework/web/CWebApplication.php(141): CWebApplication->runController('kredit/kredit')
#1 /var/www/sales/framework/base/CApplication.php(180): CWebApplication->processRequest()
#2 /var/www/sales/index.php(13): CApplication->run()
#3 {main}
REQUEST_URI=/kredit/kredit
HTTP_REFERER=http://sales/site/index
---
2014/04/14 18:13:10 [error] [exception.CHttpException.404] exception 'CHttpException' with message 'Unable to resolve the request "kredit/kredit".' in /var/www/sales/framework/web/CWebApplication.php:286
Stack trace:
#0 /var/www/sales/framework/web/CWebApplication.php(141): CWebApplication->runController('kredit/kredit')
#1 /var/www/sales/framework/base/CApplication.php(180): CWebApplication->processRequest()
#2 /var/www/sales/index.php(13): CApplication->run()
#3 {main}
REQUEST_URI=/kredit/kredit
HTTP_REFERER=http://sales/site/index
---
2014/04/14 18:13:26 [error] [exception.CHttpException.404] exception 'CHttpException' with message 'Unable to resolve the request "kredit/kredit".' in /var/www/sales/framework/web/CWebApplication.php:286
Stack trace:
#0 /var/www/sales/framework/web/CWebApplication.php(141): CWebApplication->runController('kredit/kredit')
#1 /var/www/sales/framework/base/CApplication.php(180): CWebApplication->processRequest()
#2 /var/www/sales/index.php(13): CApplication->run()
#3 {main}
REQUEST_URI=/kredit/kredit
HTTP_REFERER=http://sales/site/index
---
2014/04/14 18:13:31 [error] [exception.CHttpException.404] exception 'CHttpException' with message 'Unable to resolve the request "kredit/index".' in /var/www/sales/framework/web/CWebApplication.php:286
Stack trace:
#0 /var/www/sales/framework/web/CWebApplication.php(141): CWebApplication->runController('kredit/index')
#1 /var/www/sales/framework/base/CApplication.php(180): CWebApplication->processRequest()
#2 /var/www/sales/index.php(13): CApplication->run()
#3 {main}
REQUEST_URI=/kredit/index
---
2014/04/14 18:14:11 [error] [exception.CHttpException.404] exception 'CHttpException' with message 'Unable to resolve the request "kredit/index".' in /var/www/sales/framework/web/CWebApplication.php:286
Stack trace:
#0 /var/www/sales/framework/web/CWebApplication.php(141): CWebApplication->runController('kredit/index')
#1 /var/www/sales/framework/base/CApplication.php(180): CWebApplication->processRequest()
#2 /var/www/sales/index.php(13): CApplication->run()
#3 {main}
REQUEST_URI=/kredit/index
---
2014/04/14 18:14:11 [error] [exception.CHttpException.404] exception 'CHttpException' with message 'Unable to resolve the request "kredit/index".' in /var/www/sales/framework/web/CWebApplication.php:286
Stack trace:
#0 /var/www/sales/framework/web/CWebApplication.php(141): CWebApplication->runController('kredit/index')
#1 /var/www/sales/framework/base/CApplication.php(180): CWebApplication->processRequest()
#2 /var/www/sales/index.php(13): CApplication->run()
#3 {main}
REQUEST_URI=/kredit/index
---
2014/04/14 18:14:12 [error] [exception.CHttpException.404] exception 'CHttpException' with message 'Unable to resolve the request "kredit/index".' in /var/www/sales/framework/web/CWebApplication.php:286
Stack trace:
#0 /var/www/sales/framework/web/CWebApplication.php(141): CWebApplication->runController('kredit/index')
#1 /var/www/sales/framework/base/CApplication.php(180): CWebApplication->processRequest()
#2 /var/www/sales/index.php(13): CApplication->run()
#3 {main}
REQUEST_URI=/kredit/index
---
2014/04/14 18:14:15 [error] [exception.CHttpException.404] exception 'CHttpException' with message 'Unable to resolve the request "kredit/kredit".' in /var/www/sales/framework/web/CWebApplication.php:286
Stack trace:
#0 /var/www/sales/framework/web/CWebApplication.php(141): CWebApplication->runController('kredit/kredit')
#1 /var/www/sales/framework/base/CApplication.php(180): CWebApplication->processRequest()
#2 /var/www/sales/index.php(13): CApplication->run()
#3 {main}
REQUEST_URI=/kredit/kredit
---
2014/04/14 18:14:29 [error] [exception.CHttpException.404] exception 'CHttpException' with message 'Unable to resolve the request "kredit/kredit".' in /var/www/sales/framework/web/CWebApplication.php:286
Stack trace:
#0 /var/www/sales/framework/web/CWebApplication.php(141): CWebApplication->runController('kredit/kredit')
#1 /var/www/sales/framework/base/CApplication.php(180): CWebApplication->processRequest()
#2 /var/www/sales/index.php(13): CApplication->run()
#3 {main}
REQUEST_URI=/kredit/kredit
---
2014/04/14 18:15:42 [error] [exception.CHttpException.404] exception 'CHttpException' with message 'Unable to resolve the request "kredit/kredit".' in /var/www/sales/framework/web/CWebApplication.php:286
Stack trace:
#0 /var/www/sales/framework/web/CWebApplication.php(141): CWebApplication->runController('kredit/kredit')
#1 /var/www/sales/framework/base/CApplication.php(180): CWebApplication->processRequest()
#2 /var/www/sales/index.php(13): CApplication->run()
#3 {main}
REQUEST_URI=/kredit/kredit
---
2014/04/14 18:15:43 [error] [exception.CHttpException.404] exception 'CHttpException' with message 'Unable to resolve the request "kredit/kredit".' in /var/www/sales/framework/web/CWebApplication.php:286
Stack trace:
#0 /var/www/sales/framework/web/CWebApplication.php(141): CWebApplication->runController('kredit/kredit')
#1 /var/www/sales/framework/base/CApplication.php(180): CWebApplication->processRequest()
#2 /var/www/sales/index.php(13): CApplication->run()
#3 {main}
REQUEST_URI=/kredit/kredit
---
2014/04/14 18:15:44 [error] [exception.CHttpException.404] exception 'CHttpException' with message 'Unable to resolve the request "kredit/kredit".' in /var/www/sales/framework/web/CWebApplication.php:286
Stack trace:
#0 /var/www/sales/framework/web/CWebApplication.php(141): CWebApplication->runController('kredit/kredit')
#1 /var/www/sales/framework/base/CApplication.php(180): CWebApplication->processRequest()
#2 /var/www/sales/index.php(13): CApplication->run()
#3 {main}
REQUEST_URI=/kredit/kredit
---
2014/04/14 18:15:44 [error] [exception.CHttpException.404] exception 'CHttpException' with message 'Unable to resolve the request "kredit/kredit".' in /var/www/sales/framework/web/CWebApplication.php:286
Stack trace:
#0 /var/www/sales/framework/web/CWebApplication.php(141): CWebApplication->runController('kredit/kredit')
#1 /var/www/sales/framework/base/CApplication.php(180): CWebApplication->processRequest()
#2 /var/www/sales/index.php(13): CApplication->run()
#3 {main}
REQUEST_URI=/kredit/kredit
---
2014/04/14 18:16:20 [error] [exception.CHttpException.404] exception 'CHttpException' with message 'Unable to resolve the request "kredit/kredit".' in /var/www/sales/framework/web/CWebApplication.php:286
Stack trace:
#0 /var/www/sales/framework/web/CWebApplication.php(141): CWebApplication->runController('kredit/kredit')
#1 /var/www/sales/framework/base/CApplication.php(180): CWebApplication->processRequest()
#2 /var/www/sales/index.php(13): CApplication->run()
#3 {main}
REQUEST_URI=/kredit/kredit
---
2014/04/14 18:16:23 [error] [exception.CHttpException.404] exception 'CHttpException' with message 'Unable to resolve the request "price/price".' in /var/www/sales/framework/web/CWebApplication.php:286
Stack trace:
#0 /var/www/sales/framework/web/CWebApplication.php(141): CWebApplication->runController('price/price')
#1 /var/www/sales/framework/base/CApplication.php(180): CWebApplication->processRequest()
#2 /var/www/sales/index.php(13): CApplication->run()
#3 {main}
REQUEST_URI=/price/price
HTTP_REFERER=http://sales/site/index
---
2014/04/14 18:16:24 [error] [exception.CHttpException.404] exception 'CHttpException' with message 'Unable to resolve the request "kredit/kredit".' in /var/www/sales/framework/web/CWebApplication.php:286
Stack trace:
#0 /var/www/sales/framework/web/CWebApplication.php(141): CWebApplication->runController('kredit/kredit')
#1 /var/www/sales/framework/base/CApplication.php(180): CWebApplication->processRequest()
#2 /var/www/sales/index.php(13): CApplication->run()
#3 {main}
REQUEST_URI=/kredit/kredit
HTTP_REFERER=http://sales/price/price
---
2014/04/14 18:16:26 [error] [exception.CHttpException.404] exception 'CHttpException' with message 'Unable to resolve the request "galery/galery".' in /var/www/sales/framework/web/CWebApplication.php:286
Stack trace:
#0 /var/www/sales/framework/web/CWebApplication.php(141): CWebApplication->runController('galery/galery')
#1 /var/www/sales/framework/base/CApplication.php(180): CWebApplication->processRequest()
#2 /var/www/sales/index.php(13): CApplication->run()
#3 {main}
REQUEST_URI=/galery/galery
HTTP_REFERER=http://sales/kredit/kredit
---
2014/04/14 18:16:27 [error] [exception.CHttpException.404] exception 'CHttpException' with message 'Unable to resolve the request "kredit/kredit".' in /var/www/sales/framework/web/CWebApplication.php:286
Stack trace:
#0 /var/www/sales/framework/web/CWebApplication.php(141): CWebApplication->runController('kredit/kredit')
#1 /var/www/sales/framework/base/CApplication.php(180): CWebApplication->processRequest()
#2 /var/www/sales/index.php(13): CApplication->run()
#3 {main}
REQUEST_URI=/kredit/kredit
HTTP_REFERER=http://sales/galery/galery
---
2014/04/14 18:16:29 [error] [exception.CHttpException.404] exception 'CHttpException' with message 'Unable to resolve the request "contact/contact".' in /var/www/sales/framework/web/CWebApplication.php:286
Stack trace:
#0 /var/www/sales/framework/web/CWebApplication.php(141): CWebApplication->runController('contact/contact')
#1 /var/www/sales/framework/base/CApplication.php(180): CWebApplication->processRequest()
#2 /var/www/sales/index.php(13): CApplication->run()
#3 {main}
REQUEST_URI=/contact/contact
HTTP_REFERER=http://sales/kredit/kredit
---
2014/04/14 18:16:36 [error] [exception.CHttpException.404] exception 'CHttpException' with message 'Unable to resolve the request "kredit/kredit".' in /var/www/sales/framework/web/CWebApplication.php:286
Stack trace:
#0 /var/www/sales/framework/web/CWebApplication.php(141): CWebApplication->runController('kredit/kredit')
#1 /var/www/sales/framework/base/CApplication.php(180): CWebApplication->processRequest()
#2 /var/www/sales/index.php(13): CApplication->run()
#3 {main}
REQUEST_URI=/kredit/kredit
HTTP_REFERER=http://sales/site/index
---
2014/04/14 18:16:41 [error] [exception.CHttpException.404] exception 'CHttpException' with message 'Unable to resolve the request "kredit/INDEX".' in /var/www/sales/framework/web/CWebApplication.php:286
Stack trace:
#0 /var/www/sales/framework/web/CWebApplication.php(141): CWebApplication->runController('kredit/INDEX')
#1 /var/www/sales/framework/base/CApplication.php(180): CWebApplication->processRequest()
#2 /var/www/sales/index.php(13): CApplication->run()
#3 {main}
REQUEST_URI=/kredit/INDEX
---
2014/04/14 18:16:46 [error] [exception.CHttpException.404] exception 'CHttpException' with message 'Unable to resolve the request "kredit/index".' in /var/www/sales/framework/web/CWebApplication.php:286
Stack trace:
#0 /var/www/sales/framework/web/CWebApplication.php(141): CWebApplication->runController('kredit/index')
#1 /var/www/sales/framework/base/CApplication.php(180): CWebApplication->processRequest()
#2 /var/www/sales/index.php(13): CApplication->run()
#3 {main}
REQUEST_URI=/kredit/index
---
2014/04/14 19:01:29 [error] [exception.CHttpException.404] exception 'CHttpException' with message 'The system is unable to find the requested action "galery".' in /var/www/sales/framework/web/CController.php:483
Stack trace:
#0 /var/www/sales/framework/web/CController.php(270): CController->missingAction('galery')
#1 /var/www/sales/framework/web/CWebApplication.php(282): CController->run('galery')
#2 /var/www/sales/framework/web/CWebApplication.php(141): CWebApplication->runController('galery/galery')
#3 /var/www/sales/framework/base/CApplication.php(180): CWebApplication->processRequest()
#4 /var/www/sales/index.php(13): CApplication->run()
#5 {main}
REQUEST_URI=/galery/galery
HTTP_REFERER=http://sales/price/price
---
2014/04/14 19:06:00 [error] [exception.CHttpException.404] exception 'CHttpException' with message 'The system is unable to find the requested action "galery".' in /var/www/sales/framework/web/CController.php:483
Stack trace:
#0 /var/www/sales/framework/web/CController.php(270): CController->missingAction('galery')
#1 /var/www/sales/framework/web/CWebApplication.php(282): CController->run('galery')
#2 /var/www/sales/framework/web/CWebApplication.php(141): CWebApplication->runController('galery/galery')
#3 /var/www/sales/framework/base/CApplication.php(180): CWebApplication->processRequest()
#4 /var/www/sales/index.php(13): CApplication->run()
#5 {main}
REQUEST_URI=/galery/galery
HTTP_REFERER=http://sales/price/price
---
2014/04/14 19:06:01 [error] [exception.CHttpException.404] exception 'CHttpException' with message 'The system is unable to find the requested action "galery".' in /var/www/sales/framework/web/CController.php:483
Stack trace:
#0 /var/www/sales/framework/web/CController.php(270): CController->missingAction('galery')
#1 /var/www/sales/framework/web/CWebApplication.php(282): CController->run('galery')
#2 /var/www/sales/framework/web/CWebApplication.php(141): CWebApplication->runController('galery/galery')
#3 /var/www/sales/framework/base/CApplication.php(180): CWebApplication->processRequest()
#4 /var/www/sales/index.php(13): CApplication->run()
#5 {main}
REQUEST_URI=/galery/galery
HTTP_REFERER=http://sales/price/price
---
2014/04/14 19:06:01 [error] [exception.CHttpException.404] exception 'CHttpException' with message 'The system is unable to find the requested action "galery".' in /var/www/sales/framework/web/CController.php:483
Stack trace:
#0 /var/www/sales/framework/web/CController.php(270): CController->missingAction('galery')
#1 /var/www/sales/framework/web/CWebApplication.php(282): CController->run('galery')
#2 /var/www/sales/framework/web/CWebApplication.php(141): CWebApplication->runController('galery/galery')
#3 /var/www/sales/framework/base/CApplication.php(180): CWebApplication->processRequest()
#4 /var/www/sales/index.php(13): CApplication->run()
#5 {main}
REQUEST_URI=/galery/galery
HTTP_REFERER=http://sales/price/price
---
2014/04/14 19:06:01 [error] [exception.CHttpException.404] exception 'CHttpException' with message 'The system is unable to find the requested action "galery".' in /var/www/sales/framework/web/CController.php:483
Stack trace:
#0 /var/www/sales/framework/web/CController.php(270): CController->missingAction('galery')
#1 /var/www/sales/framework/web/CWebApplication.php(282): CController->run('galery')
#2 /var/www/sales/framework/web/CWebApplication.php(141): CWebApplication->runController('galery/galery')
#3 /var/www/sales/framework/base/CApplication.php(180): CWebApplication->processRequest()
#4 /var/www/sales/index.php(13): CApplication->run()
#5 {main}
REQUEST_URI=/galery/galery
HTTP_REFERER=http://sales/price/price
---
2014/04/14 19:06:06 [error] [exception.CHttpException.404] exception 'CHttpException' with message 'The system is unable to find the requested action "galery".' in /var/www/sales/framework/web/CController.php:483
Stack trace:
#0 /var/www/sales/framework/web/CController.php(270): CController->missingAction('galery')
#1 /var/www/sales/framework/web/CWebApplication.php(282): CController->run('galery')
#2 /var/www/sales/framework/web/CWebApplication.php(141): CWebApplication->runController('galery/galery')
#3 /var/www/sales/framework/base/CApplication.php(180): CWebApplication->processRequest()
#4 /var/www/sales/index.php(13): CApplication->run()
#5 {main}
REQUEST_URI=/galery/galery
HTTP_REFERER=http://sales/galery/galery
---
2014/04/14 19:06:09 [error] [exception.CHttpException.404] exception 'CHttpException' with message 'The system is unable to find the requested action "galery".' in /var/www/sales/framework/web/CController.php:483
Stack trace:
#0 /var/www/sales/framework/web/CController.php(270): CController->missingAction('galery')
#1 /var/www/sales/framework/web/CWebApplication.php(282): CController->run('galery')
#2 /var/www/sales/framework/web/CWebApplication.php(141): CWebApplication->runController('galery/galery')
#3 /var/www/sales/framework/base/CApplication.php(180): CWebApplication->processRequest()
#4 /var/www/sales/index.php(13): CApplication->run()
#5 {main}
REQUEST_URI=/galery/galery
HTTP_REFERER=http://sales/price/price
---
2014/04/14 19:10:51 [error] [exception.CHttpException.404] exception 'CHttpException' with message 'Unable to resolve the request "product/product".' in /var/www/sales/framework/web/CWebApplication.php:286
Stack trace:
#0 /var/www/sales/framework/web/CWebApplication.php(141): CWebApplication->runController('product/product')
#1 /var/www/sales/framework/base/CApplication.php(180): CWebApplication->processRequest()
#2 /var/www/sales/index.php(13): CApplication->run()
#3 {main}
REQUEST_URI=/product/product
HTTP_REFERER=http://sales/price/price
---
2014/04/14 19:11:02 [error] [exception.CHttpException.404] exception 'CHttpException' with message 'Unable to resolve the request "promo/promo".' in /var/www/sales/framework/web/CWebApplication.php:286
Stack trace:
#0 /var/www/sales/framework/web/CWebApplication.php(141): CWebApplication->runController('promo/promo')
#1 /var/www/sales/framework/base/CApplication.php(180): CWebApplication->processRequest()
#2 /var/www/sales/index.php(13): CApplication->run()
#3 {main}
REQUEST_URI=/promo/promo
HTTP_REFERER=http://sales/product/product
---
2014/04/14 19:12:01 [error] [exception.CHttpException.404] exception 'CHttpException' with message 'Unable to resolve the request "contact/contact".' in /var/www/sales/framework/web/CWebApplication.php:286
Stack trace:
#0 /var/www/sales/framework/web/CWebApplication.php(141): CWebApplication->runController('contact/contact')
#1 /var/www/sales/framework/base/CApplication.php(180): CWebApplication->processRequest()
#2 /var/www/sales/index.php(13): CApplication->run()
#3 {main}
REQUEST_URI=/contact/contact
HTTP_REFERER=http://sales/promo/promo
---
2014/04/14 19:16:16 [error] [exception.CHttpException.404] exception 'CHttpException' with message 'Unable to resolve the request "price/price".' in /var/www/sales/framework/web/CWebApplication.php:286
Stack trace:
#0 /var/www/sales/framework/web/CWebApplication.php(141): CWebApplication->runController('price/price')
#1 /var/www/sales/framework/base/CApplication.php(180): CWebApplication->processRequest()
#2 /var/www/sales/index.php(13): CApplication->run()
#3 {main}
REQUEST_URI=/price/price
HTTP_REFERER=http://sales/site/index
---
2014/04/14 19:16:21 [error] [exception.CHttpException.404] exception 'CHttpException' with message 'Unable to resolve the request "galery/galery".' in /var/www/sales/framework/web/CWebApplication.php:286
Stack trace:
#0 /var/www/sales/framework/web/CWebApplication.php(141): CWebApplication->runController('galery/galery')
#1 /var/www/sales/framework/base/CApplication.php(180): CWebApplication->processRequest()
#2 /var/www/sales/index.php(13): CApplication->run()
#3 {main}
REQUEST_URI=/galery/galery
HTTP_REFERER=http://sales/kredit/kredit
---
2014/04/14 19:17:53 [error] [exception.CHttpException.404] exception 'CHttpException' with message 'Unable to resolve the request "price/price".' in /var/www/sales/framework/web/CWebApplication.php:286
Stack trace:
#0 /var/www/sales/framework/web/CWebApplication.php(141): CWebApplication->runController('price/price')
#1 /var/www/sales/framework/base/CApplication.php(180): CWebApplication->processRequest()
#2 /var/www/sales/index.php(13): CApplication->run()
#3 {main}
REQUEST_URI=/price/price
HTTP_REFERER=http://sales/site/index
---
2014/04/14 19:22:17 [error] [exception.CHttpException.404] exception 'CHttpException' with message 'Unable to resolve the request "product/product".' in /var/www/sales/framework/web/CWebApplication.php:286
Stack trace:
#0 /var/www/sales/framework/web/CWebApplication.php(141): CWebApplication->runController('product/product')
#1 /var/www/sales/framework/base/CApplication.php(180): CWebApplication->processRequest()
#2 /var/www/sales/index.php(13): CApplication->run()
#3 {main}
REQUEST_URI=/product/product
HTTP_REFERER=http://sales/home/price
---
